<?xml version="1.0" encoding="UTF-8"?>
<!-- Generated by org.testng.reporters.JUnitReportReporter -->
<testsuite hostname="GauravAhuja" failures="0" tests="1" name="RunnerPackage.HRMRunner" time="47.782" errors="0" timestamp="2023-07-14T19:43:17 IST" skipped="0">
  <testcase classname="RunnerPackage.HRMRunner" name="runScenario" time="47.782"/>
  <system-out/>
</testsuite> <!-- RunnerPackage.HRMRunner -->
